<?xml version="1.0" encoding="UTF-8"?>
<!-- Generated by org.testng.reporters.JUnitReportReporter -->
<testsuite skipped="0" hostname="BLRKEC266750L" name="com.crm.qa.testcases.FlipkartPriceTest" tests="2" failures="0" timestamp="04 Feb 2020 16:42:52 GMT" time="21.384" errors="0">
  <testcase name="HomePageLogoTest" time="10.500" classname="com.crm.qa.testcases.FlipkartPriceTest"/>
  <testcase name="ValidatePriceOnAFlipkart" time="10.884" classname="com.crm.qa.testcases.FlipkartPriceTest"/>
</testsuite> <!-- com.crm.qa.testcases.FlipkartPriceTest -->
