<?xml version="1.0" encoding="UTF-8"?>
<!-- Generated by org.testng.reporters.JUnitReportReporter -->
<testsuite skipped="0" hostname="BLRKEC266750L" name="com.crm.qa.testcases.AmazonPriceTest" tests="2" failures="0" timestamp="04 Feb 2020 16:42:52 GMT" time="19.327" errors="0">
  <testcase name="ValidatePriceOnAmazon" time="12.280" classname="com.crm.qa.testcases.AmazonPriceTest"/>
  <testcase name="HomePageLogoTest" time="7.047" classname="com.crm.qa.testcases.AmazonPriceTest"/>
</testsuite> <!-- com.crm.qa.testcases.AmazonPriceTest -->
