<?xml version="1.0" encoding="UTF-8"?>
<!-- Generated by org.testng.reporters.JUnitReportReporter -->
<testsuite skipped="0" hostname="BLRKEC266750L" name="com.crm.qa.testcases.TripAdvisorTest" tests="2" failures="0" timestamp="05 Feb 2020 12:25:16 GMT" time="107.261" errors="0">
  <testcase name="searchandSelectFirstOption" time="36.878" classname="com.crm.qa.testcases.TripAdvisorTest"/>
  <testcase name="writeReview" time="70.383" classname="com.crm.qa.testcases.TripAdvisorTest"/>
</testsuite> <!-- com.crm.qa.testcases.TripAdvisorTest -->
