<?xml version="1.0" encoding="UTF-8"?>
<!-- Generated by org.testng.reporters.JUnitReportReporter -->
<testsuite skipped="0" hostname="BLRKEC266750L" name="com.crm.qa.testcases.validateValue" tests="1" failures="0" timestamp="04 Feb 2020 20:18:39 GMT" time="0.028" errors="0">
  <testcase name="tearDown" time="0.028" classname="com.crm.qa.testcases.validateValue"/>
</testsuite> <!-- com.crm.qa.testcases.validateValue -->
